E:\VisualStudio2019\2019\Community\MSBuild\Microsoft\VC\v160\Microsoft.CppBuild.targets(513,5): warning MSB8028: The intermediate directory (Debug\) contains files shared from another project (OpenGLPuzzleGame.vcxproj).  This can lead to incorrect clean and rebuild behavior.
  Block.cpp
  Camera.cpp
  CubeMap.cpp
  CubeMappingMaterial.cpp
  GameWindow.cpp
  Geometry.cpp
  Main.cpp
  Material.cpp
  Mesh.cpp
  MyWindow.cpp
C:\Users\Sarah\source\Opengl_sfml_box2d\Opengl_sfml_box2d 32 - Maze\OpenGLPuzzleGame\OpenGLPuzzleGame\MyWindow.cpp(38,11): warning C4244: 'initializing': conversion from 'float' to 'int', possible loss of data
C:\Users\Sarah\source\Opengl_sfml_box2d\Opengl_sfml_box2d 32 - Maze\OpenGLPuzzleGame\OpenGLPuzzleGame\MyWindow.cpp(39,11): warning C4244: 'initializing': conversion from 'float' to 'int', possible loss of data
C:\Users\Sarah\source\Opengl_sfml_box2d\Opengl_sfml_box2d 32 - Maze\OpenGLPuzzleGame\OpenGLPuzzleGame\MyWindow.cpp(53,12): warning C4244: 'initializing': conversion from 'float' to 'int', possible loss of data
C:\Users\Sarah\source\Opengl_sfml_box2d\Opengl_sfml_box2d 32 - Maze\OpenGLPuzzleGame\OpenGLPuzzleGame\MyWindow.cpp(54,12): warning C4244: 'initializing': conversion from 'float' to 'int', possible loss of data
C:\Users\Sarah\source\Opengl_sfml_box2d\Opengl_sfml_box2d 32 - Maze\OpenGLPuzzleGame\OpenGLPuzzleGame\MyWindow.cpp(66,12): warning C4244: 'initializing': conversion from 'float' to 'int', possible loss of data
C:\Users\Sarah\source\Opengl_sfml_box2d\Opengl_sfml_box2d 32 - Maze\OpenGLPuzzleGame\OpenGLPuzzleGame\MyWindow.cpp(67,12): warning C4244: 'initializing': conversion from 'float' to 'int', possible loss of data
C:\Users\Sarah\source\Opengl_sfml_box2d\Opengl_sfml_box2d 32 - Maze\OpenGLPuzzleGame\OpenGLPuzzleGame\MyWindow.cpp(78,12): warning C4244: 'initializing': conversion from 'float' to 'int', possible loss of data
C:\Users\Sarah\source\Opengl_sfml_box2d\Opengl_sfml_box2d 32 - Maze\OpenGLPuzzleGame\OpenGLPuzzleGame\MyWindow.cpp(79,12): warning C4244: 'initializing': conversion from 'float' to 'int', possible loss of data
C:\Users\Sarah\source\Opengl_sfml_box2d\Opengl_sfml_box2d 32 - Maze\OpenGLPuzzleGame\OpenGLPuzzleGame\MyWindow.cpp(91,12): warning C4244: 'initializing': conversion from 'float' to 'int', possible loss of data
C:\Users\Sarah\source\Opengl_sfml_box2d\Opengl_sfml_box2d 32 - Maze\OpenGLPuzzleGame\OpenGLPuzzleGame\MyWindow.cpp(92,12): warning C4244: 'initializing': conversion from 'float' to 'int', possible loss of data
  Transform.cpp
  UnlitTextureMaterial.cpp
  Generating Code...
MSVCRTD.lib(initializers.obj) : warning LNK4098: defaultlib 'libcmt.lib' conflicts with use of other libs; use /NODEFAULTLIB:library
glew32s.lib(glew.obj) : warning LNK4099: PDB 'vc100.pdb' was not found with 'glew32s.lib(glew.obj)' or at 'C:\Users\Sarah\source\Opengl_sfml_box2d\Opengl_sfml_box2d 32 - Maze\OpenGLPuzzleGame\Debug\vc100.pdb'; linking object as if no debug info
  OpenGLPuzzleGame.vcxproj -> C:\Users\Sarah\source\Opengl_sfml_box2d\Opengl_sfml_box2d 32 - Maze\OpenGLPuzzleGame\Debug\OpenGLMazeGame.exe
